Build started 04/12/2015 12:24:09.
     1>Project "C:\Users\MattGerig\Documents\College\AI\AIProject\AIProject.vcxproj" on node 2 (Build target(s)).
     1>ClCompile:
         C:\Program Files (x86)\Microsoft Visual Studio 14.0\VC\bin\CL.exe /c /IC:\SFML\include /ZI /nologo /W3 /WX- /sdl /Od /Oy- /D WIN32 /D _DEBUG /D _CONSOLE /D _UNICODE /D UNICODE /Gm /EHsc /RTC1 /MDd /GS /fp:precise /Zc:wchar_t /Zc:forScope /Zc:inline /Yu"stdafx.h" /Fp"Debug\AIProject.pch" /Fo"Debug\\" /Fd"Debug\vc140.pdb" /Gd /TP /analyze- /errorReport:prompt Player.cpp
         Player.cpp
     1>c:\users\mattgerig\documents\college\ai\aiproject\player.cpp(7): warning C4244: 'initializing': conversion from 'int' to 'float', possible loss of data
     1>c:\users\mattgerig\documents\college\ai\aiproject\player.cpp(8): warning C4244: 'initializing': conversion from 'int' to 'float', possible loss of data
     1>c:\users\mattgerig\documents\college\ai\aiproject\player.cpp(109): warning C4305: 'initializing': truncation from 'double' to 'float'
     1>c:\users\mattgerig\documents\college\ai\aiproject\player.cpp(110): warning C4244: 'return': conversion from 'double' to 'float', possible loss of data
     1>c:\users\mattgerig\documents\college\ai\aiproject\player.cpp(114): warning C4305: 'initializing': truncation from 'double' to 'float'
     1>c:\users\mattgerig\documents\college\ai\aiproject\player.cpp(115): warning C4244: 'return': conversion from 'double' to 'float', possible loss of data
       Link:
         C:\Program Files (x86)\Microsoft Visual Studio 14.0\VC\bin\link.exe /ERRORREPORT:PROMPT /OUT:"C:\Users\MattGerig\Documents\College\AI\AIProject\Debug\AIProject.exe" /INCREMENTAL /NOLOGO /LIBPATH:C:\SFML\lib "sfml-graphics-d.lib" "sfml-window-d.lib" "sfml-system-d.lib" kernel32.lib user32.lib gdi32.lib winspool.lib comdlg32.lib advapi32.lib shell32.lib ole32.lib oleaut32.lib uuid.lib odbc32.lib odbccp32.lib kernel32.lib user32.lib gdi32.lib winspool.lib comdlg32.lib advapi32.lib shell32.lib ole32.lib oleaut32.lib uuid.lib odbc32.lib odbccp32.lib /MANIFEST /MANIFESTUAC:"level='asInvoker' uiAccess='false'" /manifest:embed /Debug /PDB:"C:\Users\MattGerig\Documents\College\AI\AIProject\Debug\AIProject.pdb" /SUBSYSTEM:CONSOLE /TLBID:1 /DYNAMICBASE /NXCOMPAT /IMPLIB:"C:\Users\MattGerig\Documents\College\AI\AIProject\Debug\AIProject.lib" /MACHINE:X86 Debug\AIProject.obj
         Debug\Player.obj
         Debug\Pvector.obj
         Debug\stdafx.obj
         AIProject.vcxproj -> C:\Users\MattGerig\Documents\College\AI\AIProject\Debug\AIProject.exe
     1>Done Building Project "C:\Users\MattGerig\Documents\College\AI\AIProject\AIProject.vcxproj" (Build target(s)).

Build succeeded.

Time Elapsed 00:00:00.43
